未匹配演员.log - Sun Jun 22 08:30:14 AM CST 2025
夏目れみ : AQUMA-044
凉城りおな : CLVR-094
佐々木咲和 : CLVR-094
梨々花 : DOCVR-012
水沢つぐみ : DOVR-084
川原りま : DSVR-1117
宝川莉子 : DSVR-1117
安倍亜沙美 : DSVR-1184
若林美穂 : DSVR-1226
丸山结爱 : DSVR-1226
渚まみ : DSVR-1226
由良かな : DSVR-1285
星川りく : DSVR-1301
美澄玲衣 : DSVR-1301
柴崎はる : DSVR-1317
久我まどか : DSVR-1324
由良かな : DSVR-1344
天野花乃 : DSVR-1436
武田もなみ : DSVR-1515
高岛爱 : DSVR-1518
梦川りあ : DSVR-1546
まなみ静奈 : DSVR-1546
神代いつか : DSVR-1551
小那海あや : DSVR-1560
静河 : DSVR-1584
北冈果林 : DSVR-1617
望月つぼみ : DSVR-1645
二ノ宮せな : DSVR-704
丸川あみ : DSVR-911
四宮繭 : DSVR-973
海埜ほたる : GGPVR-001
須崎美羽 : GGPVR-001
彩乃ゆかり : GGPVR-001
成瀬葵 : HUNVR-112
弘崎ゆみな : HUNVR-145
彩川ゆめ : HUNVR-152
白夜みくる : HUNVR-157
白夜みくる : HUNVR-159
由良かな : HUNVR-165
永野枫果 : HUNVR-184
星宮こと : HUNVR-198
佐々木さき : IPVR-261
かなちゃん : JPSVR-015
ゆみちゃん : JPSVR-022
さきちゃん : JPSVR-027
美澄玲衣 : KAVR-287
五日市芽依 : KAVR-305
设楽ゆうひ : KAVR-351
五日市芽依 : KAVR-354
松冈美桜 : KAVR-356
叶月みい : KAVR-357
设楽ゆうひ : KAVR-361
菊池はる : KAVR-369
春阳モカ : KAVR-372
柚月なつみ : KMVR-889
虹村ゆみ : MDVR-323
奥菜えいみ : NHVR-054
桃井杏奈 : NHVR-054
真白わかな : NHVR-112
永野楓果 : NHVR-112
新川ゆず : NHVR-112
有岡みう : NHVR-143
春日えな : OYCVR-097
星宮こと : OYCVR-097
由良かな : PIPIVR-002
有岡みう : PXVR-053
望月つぼみ : PXVR-175
由良かな : PXVR-180
望月つぼみ : PXVR-180
逢月ひまり : PXVR-180
美澄玲衣 : SAVR-258
春凪星花 : SAVR-271
小那海あや : SAVR-383
星まりあ : SIVR-260
望月つぼみ : SIVR-279
三田真铃 : SIVR-314
川越にこ : SIVR-340
小坂七香 : SIVR-341
本郷爱 : SIVR-349
川越にこ : SIVR-367
アシュリー·レッド : SLR-003
Scarlett Alexis : SLR-012
アヴァ·マディソン : SLR-017
アガサ·ベガ : SLR-025
レアナ·ラヴィングス : SLR-026
トゥルー·ケイト : SLR-027
エマ·バグ : SLR-032
スカーレット·セイジ : SLR-037
知花しおん : SPIVR-064
馬場ふみか : TMAVR-056
姫百合紬 : TMAVR-074
早見れむ : TMAVR-162
高橋りな : TMAVR-162
森下美铃 : TMAVR-182
ひなたいおり : TMAVR-182
白夜みくる : URVRSP-168
由良かな : URVRSP-186
由良かな : URVRSP-187
由良かな : URVRSP-197
尾崎えりか : URVRSP-205
東城ゆい : URVRSP-259
上田纱奈 : URVRSP-277
泽乃かのか : URVRSP-287
渋谷なつ : URVRSP-289
松冈美桜 : URVRSP-311
桐条纱绫 : VARM-032
白石もも : VRKM-1320
由良かな : VRKM-850
七瀬いおり : VRKM-964
沢野美香 : 080114_01
沢野美香 : 081615_01
宮本るみ : 092615_01
沢野美香 : 101114_01
沢野美香 : 101214_01
愛花紗也 : 101313-454
木枯麻理恵 : 120803_540_01
軽石恵 : 120928_560_01
堤由香 : 121012_566_01
里中みき : 121115_01
柏木里奈 : 121207_587_01
島崎美優 : 123014_01
秋吉みなみ : 123014_01
木山里美 : 123014_01
沢野美香 : 123014_01
柏木里奈 : 130125_605_01
小野寺すみれ : 130426_651_01
草川栞 : 130628_675_01
水嶋那奈 : ABP-797
前田あこ : AP-625
西山楓 : AP-625
桐谷みいな : ARM-359
七海りこ : ARM-544
矢吹リカ : ARM-544
枝川结衣 : ARM-727
蓝色りりか : ARM-733
朝比奈もあ : AVOP-289
手島くるみ : BLK-414
内田まりこ : CAND-1214
設楽ゆうひ : CAWD-542
白浜みなみ : CAWD-554
設楽ゆうひ : CAWD-570
松冈美桜 : CAWD-581
设楽ゆうひ : CAWD-630
設楽ゆうひ : CAWD-641
望月つぼみ : CAWD-701
设楽ゆうひ : CAWD-701
観月あいな : CAWD-701
望月つぼみ : CAWD-702
観月あいな : CAWD-702
望月つぼみ : CAWD-703
设楽ゆうひ : CAWD-703
観月あいな : CAWD-703
小坂七香 : CAWD-773
上原志織（上原結衣） : CWPBD-79
杉山 : DANDY-758
野島誠 : DANDY-758
原口 : DANDY-758
芹沢ゆず : DARU-001
九条みちる : DASD-875
五日市芽依 : DASS-371
白石もも : DASS-394
青木春 : DBD-001
山口あずさ : DBD-001
SHIHO : DBD-001
松坂沙耶 : DBD-001
吉川みなみ : DBD-007
葉月あゆみ : DBD-007
かれん : DDH-079
ちゆ( : DDH-145
ちゆ : DDH-158
妹4名 : DOCP-262
素人4名 : DOCP-267
安堂はるの : DOKS-616
香月えりさ : DOKS-616
宇佐美みおん : DOKS-616
比留間千沙 : DVDES-644
平原みなみ : DVDES-644
高橋美緒 : DVDES-644
春日しおり : DVDES-751
天音遥香 : DVDES-751
深津佳乃 : DVDES-751
相浦ひかる : EBWH-062
设楽ゆうひ : EBWH-090
Ms White-Kitten : EuroTeenErotica.15.11.14
ぱこニャン！ : FC2-1018335
えぽす。 : FC2-1028716
超時空夢幻カメコ : FC2-1049668
超時空夢幻カメコ : FC2-1055925
ヒメドウガ : FC2-1127192
ゆず故障 : FC2-1169931
ペナス : FC2-1173306
ペナス : FC2-1226182
えぽす。 : FC2-1250608
令和美少女　ゼロ号機 : FC2-1297737
東京邊做邊拍同好團 : FC2-1314208
ゆってぃ＠手コキ隠し撮り : FC2-1377353
ヒメドウガ : FC2-1391490
ゆってぃ監督＠手コキ隠し撮り : FC2-1486816
ハメ撮りマスター「D」 : FC2-1550026
ペリカ : FC2-1557572
ハメ撮りマスター「D」 : FC2-1560667
☆一番槍☆ : FC2-1565250
生パコやばたにえん : FC2-1577437
パコ柱★ : FC2-1579328
ペリカ : FC2-1600459
ヒメドウガ : FC2-1601404
ハメ撮りマスター「D」 : FC2-1602707
虎山円光 : FC2-1620230
ゆってぃ＠手コキ隠し撮り : FC2-1637932
ゆってぃ＠手コキ隠し撮り : FC2-1647173
BEAST☆OF☆FUCK　獣のSEX‼乱交‼中出し‼etc.. : FC2-1647598
ゆってぃ＠手コキ隠し撮り : FC2-1656220
アントニオ斎藤 : FC2-1680884
エモンガ : FC2-1698568
ペリカ : FC2-1700423
ひのまるハメ撮り倶楽部Black : FC2-1707332
無名な男 : FC2-1727682
deruデるking : FC2-1743979
無名な男 : FC2-1780072
ペリカ : FC2-1785524
パコ柱★ : FC2-1837748
コスプレ推進委員会 : FC2-1851398
celicelibee : FC2-1864525
ハメ撮りマスター「D」 : FC2-1932561
男尊女卑【容疑者Kの性処理玩具育成記録】 : FC2-2062678
えぽす。 : FC2-2190519
進撃のごろうまる : FC2-2245205
進撃のごろうまる : FC2-2367108
中出しナックルズα : FC2-2434910
進撃のごろうまる : FC2-2452116
趣味はめ : FC2-2503951
deruデるking : FC2-2552104
ハメ撮りマスター「D」 : FC2-2751830
美尻ちゃんねる : FC2-2753411
ハメ撮りマスター「D」 : FC2-2761270
ハメ撮りマスター「D」 : FC2-3059148
ハメ撮りマスター「D」 : FC2-3061625
ハメ撮りマスター「D」 : FC2-3080747
ハメ撮りマスター「D」 : FC2-3118777
ハメ撮りマスター「D」 : FC2-3121790
巨乳革命 : FC2-3139256
おじさんぽ : FC2-3165903
ハメ撮りマスター「D」 : FC2-3175924
キング・D・ジョー : FC2-370574
ハメ撮りマスター「D」 : FC2-832286
地獄三頭犬 : FC2-888147
Fishman : FC2-939583
羽月乃苍 : FGAN-118
月本海咲 : FGAN-118
桃葉 : FSLV-002
音琴るい : FTHTD-002
川越にこ : FWAY-013
北乃みれい : GANA-1791
程媛媛 : GDCM-032
前田あこ : GDHH-153
涼城りおな : GDHH-173
木下遥希 : GDHH-179
友永真央 : GDHH-179
新田理央 : GDHH-181
白石もも : GRACE-017
北川まほ : HAZU-003
速海りん : HCM-013
琴音芽衣 : HGOT-007
七瀬りん : HGOT-055
ナナ＆ユカ : HHKL-052
望月つぼみ : HRSM-066
天美めあ : HRSM-066
ナイアガラ翔 : HSODA-005
ひょこり : HSODA-005
マサムー : HSODA-005
仲川そら : HSODA-007
ひょこり : HSODA-008
ひょこり : HSODA-013
ひょこり : HSODA-016
北川まほ : HSODA-025
美澄玲衣 : HSODA-044
ひょこり : HUBLK-022
ニック : HUBLK-043
マサムー : HUBLK-043
安達メイ : HUNTA-239
新川優里 : HUNTA-620
奥菜えいみ : HUNTA-689
月宮ねね : HUNTA-706
日向咲 : HUNTA-706
木下遥希 : HUNTA-716
立華静音 : HUNTA-723
掘ななか : HUNTA-765
星名咲良 : HUNTA-765
饭冈加奈子 : HUNTA-780
岩沢香代 : HUNTA-780
夏日風 : HUNTA-798
水沢つぐみ : HUNTA-798
優月せら : HUNTA-805
麻衣音まいみ : HUNTA-805
水沢つぐみ : HUNTA-828
卯水乃亜 : HUNTA-888
马瀬まひ菜 : HUNTA-916
桐香ゆうり : HUNTA-945
広瀬みつは : HUNTA-977
聖星姫花 : HUNTA-998
猫村にこ : HUNTA-998
丸川あみ : HUNTA-998
桐嶋あみな : HUNTB-010
希望光 : HUNTB-020
水沢つぐみ : HUNTB-031
水沢つぐみ : HUNTB-053
桧山有咲 : HUNTB-065
东云むぎ : HUNTB-098
桃井杏奈 : HUNTB-109
流川さくら : HUNTB-110
有岡みう : HUNTB-120
成瀬葵 : HUNTB-130
宇佐美雪 : HUNTB-130
東雲むぎ : HUNTB-141
向日葵 : HUNTB-152
水沢つぐみ : HUNTB-162
希望光 : HUNTB-162
東雲むぎ : HUNTB-177
風間希 : HUNTB-207
夏向ここの : HUNTB-220
桃井杏奈 : HUNTB-231
风间希 : HUNTB-240
渚ひまわり : HUNTB-285
白川ゆずか : HUNTB-285
须崎美羽 : HUNTB-285
风间希 : HUNTB-288
白夜みくる : HUNTB-329
白夜みくる : HUNTB-350
中尾芽衣子 : HUNTB-352
宝川莉子 : HUNTB-355
一花みお : HUNTB-355
白夜みくる : HUNTB-374
春日えな : HUNTB-387
目黒ひな実 : HUNTB-398
百咲みいろ : HUNTB-420
永野楓果 : HUNTB-454
辻芽爱里 : HUNTB-455
須崎美羽 : HUNTB-465
中尾芽衣子 : HUNTB-518
中尾芽衣子 : HUNTB-572
彩川ゆめ : HUNTB-572
白夜みくる : HUNTB-572
宝川莉子 : HUNTB-605
ニック : HUNTB-633
ナイアガラ翔 : HUNTB-685
美澄玲衣 : HUNTC-043
ひょこり : HUNTC-049
ニック : HUNTC-097
辉大 : HUNTC-097
ひょこり : HUNTC-097
真白るい : IENF-174
由良かな : IMO-018
日野りこ : IMO-023
望月つぼみ : IMO-025
綾瀬もか : IMO-029
漆なな : IMO-029
佐々木さき : IPZZ-236
佐々木さき : IPZZ-257
佐々木さき : IPZZ-276
佐々木さき : IPZZ-393
遠野きゅん : JAC-096
加藤萌衣 : k1363
涼乃ひより : KAGP-146
一花ゆい : KAGP-146
星名咲良 : KAGP-146
美澄玲衣 : KAGP-320
五日市芽依 : KAGP-320
由良かな : KAGP-333
逢月ひまり : KAGP-333
月本海咲 : KAGP-333
凰華りん : KAGP-333
美澄玲衣 : KAGP-342
月本海咲 : KAGP-342
天月あず : KAGP-342
後藤リカ : KRU-040
倉科もえ : KRU-040
東山想葉 : KRU-040
桐香ゆうり : KRU-040
一ノ瀬真纪子 : KTB-001
冴岛エレナ : KTB-001
桐香ゆうり : KTB-079
若月亜美 : KTRA-449
由良かな : LOL-213
王茜 : MD-0031
林予曦 : MD-0044
林予曦 : MD-0044
夢実かなえ : MEYD-941
旭メイサ : MEYD-943
白夜みくる : MIAA-854
森歩乃花 : MIDV-633
泉ももか : MIDV-971
小鳥遊もえ : MIFD-247
雪奈真冬 : MIRD-188
汁系 : MIRD-234
レンジャー镝木 : MIRD-234
椎名ほのか : MIUM-415
宫野かな : MOGI-126
北川まほ : MUDR-261
北川まほ : MUKC-046
望月つぼみ : MUKD-517
酒井纱也 : MUM-170
酒井紗也 : MUM-222
小泉麻里 : MUM-287
吉永真弓 : MXGS-345
佐藤穂乃花 : n0417
佐藤穂乃花 : n0425
加藤萌衣 : n1161
北川まほ : NEOS-007
せいの彩葉 : NHDTA-792
四宮繭 : NHDTB-615
西村春香 : NTK-185
池田径 : NTK-185
秋本翼 : OAE-172
水沢つぐみ : OKB-080
東城ゆい : ORECO-511
白浜みなみ : ORECO-511
桜いちか : PARM-016
椿すず : PARM-016
成宫ひより : PARM-016
七瀬あさ美 : PARM-016
水城りあ : PARM-016
柏木铃 : PARM-016
椿かなめ : PARM-103
白鸟すず : PARM-144
佐野ゆま : PPPE-135
篠宮香穂 : RCT-138
並木るか : RCT-138
吉田あいり : RCT-138
真鍋紗愛 : RCT-161
松金めぐみ : RCT-161
朋香めい : RCT-161
新田まなみ : RCT-161
橘なお : RCT-186
菊里藍 : RCT-186
水城アゲハ : RCT-236
西川里音 : RCT-236
来栖あさみ : RCT-256
結月小春 : RCT-256
星山里穂 : RCT-256
星野りか : RCT-305
杏堂怜 : RCT-305
平原心 : RCT-366
和希美波 : RCT-388
叶咲ゆめ : RCT-388
水城アゲハ : RCT-409
春菜ゆず : RCT-409
西條あきら : RCT-412
金森美奈 : RCT-412
高橋美緒 : RCT-412
青山はるき : RCT-429
金森美奈 : RCT-440
七瀬あさ美 : RCT-440
美山ゆず : RCT-532
百田まゆか : RCT-532
柳あいな : RCT-532
浅野えみ : RCT-607

矢吹瑠美奈 : RCT-686
星まりあ : RCT-686
沢平秋乃 : RCT-941
麻里ひなの : RCTD-001
中山陽菜 : RCTD-031
神木りさ : RCTD-031
中山陽菜 : RCTD-065
長友麻衣美 : RCTD-140
有村麻衣 : RCTD-272
宝来せな : RCTD-312
世罗いのり : RCTD-313
月宫ねね : RCTD-313
秋月爱 : RCTD-317
桐香ゆうり : RCTD-527
祈山愛 : RCTD-636
素人3名 : RDT-216
miru : REBD-698
白石もも : ROYD-183
春菜あいり : SABA-744
七森あい : SABA-756
天月えみり : SABA-756
五芭 : SAME-085
白石もも : SAME-107
秋川智美 : SBMO-1156
小島ちさと : SBMO-1172
矢野あやか : SBMO-1253
服部佳子 : SBMO-1255
斎藤かさね : SDAB-314
久我まどか : SDAM-079
野間あんな : SDDE-318
高木愛美 : SDDE-363
夏海花凛 : SDDE-363
月島えみり : SDDE-367
芹沢さくら : SDDE-379
水希杏 : SDDE-386
野々宮ここみ : SDDE-386
田中みゆき : SDDE-439
中里まいあ : SDDE-439
桜庭うれあ : SDDE-439
小花藍莉 : SDDE-439
優姫ひかり : SDDE-439
小田エリナ : SDDE-439
矢吹リカ : SDDE-439
瀬川るか : SDDE-439
平野ももか : SDDE-439
聖祐那 : SDDE-640
羽月結菜 : SDDE-653
彩川ゆめ : SDDE-685
緒川はる : SDDE-685
望月かれん : SDDE-705
夏夜える : SDDE-712
上田紗奈 : SDDE-712
白石もも : SDDE-712
佐藤しお : SDDE-712
橘知花 : SDDE-712
水谷梨明日 : SDDE-712
有坂唯 : SDDE-712
美澄玲衣 : SDDE-712
逢月ひまり : SDDE-719
月美りょう : SDDE-719
白宫れい : SDDE-719
安堂はるの : SDDE-719
园田かのこ : SDDE-719
音羽美鈴 : SDDE-721
安堂はるの : SDDE-725
葵みれい : SDDE-725
永瀬かれん : SDDE-725
小野せいら : SDDE-725
东城ゆい : SDDE-729
长谷川礼奈 : SDDE-729
菊池はる : SDDE-729
八森わか菜 : SDDE-729
桃瀬真铃 : SDDE-729
久和原せいら : SDDE-729
水瀬りた : SDDE-729
星七ななみ : SDDE-733
天野花乃 : SDDE-733
藤咲サラ : SDDE-733
爱瀬ゆうり : SDDE-733
月美りょう : SDDE-733
浅羽ゆめ : SDDE-733
永野铃 : SDDE-737
清巳れの : SDDE-737
桐谷すずね : SDDE-737
葉月ひな : SDDE-738
佐々木咲和 : SDDE-738
水谷星奈 : SDDE-738
家入ゆり : SDDE-738
黒沢優子 : SDJS-018
宮本夏希 : SDJS-018
吉井渚 : SDJS-018
井浦茜 : SDJS-018
三木舞子 : SDJS-018
橋本未来 : SDJS-018
矢野乃々華 : SDJS-033
月下あいり : SDJS-033
宇多田乃亜 : SDJS-061
崎山りほ : SDJS-061
染谷凛 : SDJS-061
冬月真紀子 : SDJS-061
大矢美紗紀 : SDJS-061
山内亜矢 : SDJS-061
林奈恵 : SDJS-061
佐々木えり : SDJS-061
橘杏奈 : SDJS-061
野原香 : SDJS-061
梅原詩織 : SDJS-061
小山玲子 : SDJS-061
斎藤七瀬 : SDJS-061
寺田恭子 : SDJS-061
北原かえで : SDJS-061
松井芹那 : SDJS-061
品川朱里 : SDJS-061
渡辺未菜 : SDJS-061
古川夏紀 : SDJS-061
清水もなみ : SDJS-114
歌田のん : SDJS-114
琴美詩乃 : SDJS-114
辻みるか : SDJS-114
鮎川恵 : SDJS-114
阪木美緒 : SDJS-114
峯岸はるか : SDJS-114
吉井優花 : SDJS-114
武田瞳 : SDJS-114
三毛優子 : SDJS-114
馬淵夏希 : SDJS-201
山内ここな : SDJS-201
咲田涼香 : SDJS-201
松元千秋 : SDJS-201
水島亜季 : SDJS-201
金木知穂 : SDJS-201
多田あかね : SDJS-201
太田美紀 : SDJS-201
東村梨歩 : SDJS-201
小野木遥 : SDJS-201
宫野かな : SDMF-045
神代いつか : SDMF-050
吉沢はるな : SDMM-104
広井恵子 : SDMM-183
柚木ひなた : SDMM-183
みなと羽琉 : SDMM-183
安藤はる : SDMM-183
青山いちか : SDMS-345
姿麗子 : SDMS-345
小日向ゆい : SDMS-345
向坂美々 : SDMS-604
水森れん : SDMS-907
向井田真央 : SHYN-021
橋本可南子 : SHYN-022
黒沢優子 : SHYN-037
成瀬めい : SIRO-2356
健太 : SIRO-4515
星宇宙 : SIRO-4995
桃愛ゆえ : SKMJ-263
音琴るい : SKMJ-283
美丘さとみ : SKMJ-323
桃愛ゆえ : SKMJ-338
日向ゆら : SKMJ-345
百咲みいろ : SKMJ-392
久我まどか : SKMJ-465
桥野爱琉 : SLAP-007
山口明日香 : SLAP-007
菅原恵麻 : SLAP-007
NOA : SLAP-011
Yui Otokawa : SLAP-011
鈴森愛 : SLAP-011
緒方ルナ : SLAP-011
乙川結衣 : SLAP-011
佳纯 : SNTX-014
壬生恋白 : SNTX-018
小坂七香 : SONE-042
小坂七香 : SONE-043
小坂七香 : SONE-086
川越にこ : SONE-088
川越にこ : SONE-089
川越にこ : SONE-150
浅野こころ : SONE-162
小坂七香 : SONE-168
小坂七香 : SONE-238
中森心々奈 : SONE-447
榊原萌 : SONE-493
宫野かな : SPLY-014
宇野みれい : SSIS-806
本郷爱 : SSIS-816
望月つぼみ : SSIS-830
宇野みれい : SSIS-843
浅野こころ : SSIS-959
橘梨纱 : STAR-409
盛高見× : STARS-216
悟空 : STARS-216
斉藤帆夏 : START-222
希望光 : STSK-024
日向ゆら : STSK-047
永野楓果 : STSK-052
由良かな : STSK-105
東城ゆい : STSK-113
宫野かな : SUWK-016
目黒ひな実 : SVSHA-024
天野花乃 : SVSHA-024
松冈美桜 : SVSHA-024
若月もあ : SVSHA-028
白石もも : SVSHA-028
橘京花 : SVSHA-028
真白さら : SVSHA-030
素人5名 : TEM-076
凤みゆ : TENN-028
天月あず : UZU-016
小那海あや : UZU-019
茜むぎこ : VANDR-078
波瑠宮そら : VANDR-078
川島さや : VANDR-078
浅野唯 : VANDR-078
桃原まみか : YRH-056
松冈美桜 : ZOZO-220
天野花乃 : ZOZO-220
松冈美桜 : ZOZO-221
天野花乃 : ZOZO-221
目黒ひな実 : ZOZO-222
目黒ひな実 : ZOZO-223
河北紗依 : ZUKO-096
